<?xml version="1.0" encoding="UTF-8"?>
<coverage generated="1702057560399" clover="3.2.0">
  <project timestamp="1702057560400" name="All files">
    <metrics statements="15" coveredstatements="14" conditionals="4" coveredconditionals="1" methods="6" coveredmethods="6" elements="25" coveredelements="21" complexity="0" loc="15" ncloc="15" packages="1" files="1" classes="1"/>
    <file name="App.ts" path="/Users/gmdvirk/Desktop/Weblab/sqeproject/App.ts">
      <metrics statements="15" coveredstatements="14" conditionals="4" coveredconditionals="1" methods="6" coveredmethods="6"/>
      <line num="4" count="1" type="stmt"/>
      <line num="5" count="5" type="stmt"/>
      <line num="6" count="5" type="stmt"/>
      <line num="9" count="1" type="stmt"/>
      <line num="10" count="5" type="cond" truecount="1" falsecount="1"/>
      <line num="11" count="5" type="stmt"/>
      <line num="13" count="0" type="stmt"/>
      <line num="17" count="1" type="cond" truecount="0" falsecount="2"/>
      <line num="18" count="5" type="stmt"/>
      <line num="19" count="5" type="stmt"/>
      <line num="22" count="1" type="stmt"/>
      <line num="23" count="12" type="stmt"/>
      <line num="24" count="5" type="stmt"/>
      <line num="28" count="1" type="stmt"/>
      <line num="29" count="5" type="stmt"/>
    </file>
  </project>
</coverage>
