{"/Users/gmdvirk/Desktop/Weblab/sqeproject/App.ts": {"path":"/Users/gmdvirk/Desktop/Weblab/sqeproject/App.ts","statementMap":{"0":{"start":{"line":5,"column":20},"end":{"line":5,"column":36}},"1":{"start":{"line":6,"column":2},"end":{"line":6,"column":48}},"2":{"start":{"line":4,"column":1},"end":{"line":4,"column":17}},"3":{"start":{"line":10,"column":2},"end":{"line":14,"column":3}},"4":{"start":{"line":11,"column":4},"end":{"line":11,"column":38}},"5":{"start":{"line":13,"column":4},"end":{"line":13,"column":21}},"6":{"start":{"line":9,"column":1},"end":{"line":9,"column":17}},"7":{"start":{"line":18,"column":23},"end":{"line":18,"column":63}},"8":{"start":{"line":19,"column":2},"end":{"line":19,"column":37}},"9":{"start":{"line":17,"column":1},"end":{"line":17,"column":17}},"10":{"start":{"line":23,"column":14},"end":{"line":23,"column":56}},"11":{"start":{"line":23,"column":43},"end":{"line":23,"column":52}},"12":{"start":{"line":24,"column":2},"end":{"line":24,"column":42}},"13":{"start":{"line":22,"column":1},"end":{"line":22,"column":17}},"14":{"start":{"line":29,"column":2},"end":{"line":29,"column":37}},"15":{"start":{"line":28,"column":12},"end":{"line":28,"column":28}}},"fnMap":{"0":{"name":"calculateTotalCost","decl":{"start":{"line":4,"column":17},"end":{"line":4,"column":35}},"loc":{"start":{"line":4,"column":85},"end":{"line":7,"column":1}}},"1":{"name":"formatFullName","decl":{"start":{"line":9,"column":17},"end":{"line":9,"column":31}},"loc":{"start":{"line":9,"column":68},"end":{"line":15,"column":1}}},"2":{"name":"generateRandomCode","decl":{"start":{"line":17,"column":17},"end":{"line":17,"column":35}},"loc":{"start":{"line":17,"column":79},"end":{"line":20,"column":1}}},"3":{"name":"createSentenceWithNumbers","decl":{"start":{"line":22,"column":17},"end":{"line":22,"column":42}},"loc":{"start":{"line":22,"column":81},"end":{"line":25,"column":1}}},"4":{"name":"(anonymous_4)","decl":{"start":{"line":23,"column":29},"end":{"line":23,"column":30}},"loc":{"start":{"line":23,"column":43},"end":{"line":23,"column":52}}},"5":{"name":"printMessage","decl":{"start":{"line":28,"column":28},"end":{"line":28,"column":40}},"loc":{"start":{"line":28,"column":56},"end":{"line":30,"column":1}}}},"branchMap":{"0":{"loc":{"start":{"line":10,"column":2},"end":{"line":14,"column":3}},"type":"if","locations":[{"start":{"line":10,"column":2},"end":{"line":14,"column":3}},{"start":{"line":12,"column":9},"end":{"line":14,"column":3}}]},"1":{"loc":{"start":{"line":17,"column":36},"end":{"line":17,"column":54}},"type":"default-arg","locations":[{"start":{"line":17,"column":53},"end":{"line":17,"column":54}}]},"2":{"loc":{"start":{"line":17,"column":56},"end":{"line":17,"column":79}},"type":"default-arg","locations":[{"start":{"line":17,"column":73},"end":{"line":17,"column":79}}]}},"s":{"0":5,"1":5,"2":1,"3":5,"4":5,"5":0,"6":1,"7":5,"8":5,"9":1,"10":5,"11":12,"12":5,"13":1,"14":5,"15":1},"f":{"0":5,"1":5,"2":5,"3":5,"4":12,"5":5},"b":{"0":[5,0],"1":[0],"2":[0]}}
}
