TN:
SF:App.ts
FN:4,calculateTotalCost
FN:9,formatFullName
FN:17,generateRandomCode
FN:22,createSentenceWithNumbers
FN:23,(anonymous_4)
FN:28,printMessage
FNF:6
FNH:6
FNDA:5,calculateTotalCost
FNDA:5,formatFullName
FNDA:5,generateRandomCode
FNDA:5,createSentenceWithNumbers
FNDA:12,(anonymous_4)
FNDA:5,printMessage
DA:4,1
DA:5,5
DA:6,5
DA:9,1
DA:10,5
DA:11,5
DA:13,0
DA:17,1
DA:18,5
DA:19,5
DA:22,1
DA:23,12
DA:24,5
DA:28,1
DA:29,5
LF:15
LH:14
BRDA:10,0,0,5
BRDA:10,0,1,0
BRDA:17,1,0,0
BRDA:17,2,0,0
BRF:4
BRH:1
end_of_record
